d:\ооп\3 семестр\№4\№4\debug\vc120.pdb
d:\ооп\3 семестр\№4\№4\debug\vc120.idb
d:\ооп\3 семестр\№4\№4\debug\bouquet.obj
d:\ооп\3 семестр\№4\№4\debug\chrys.obj
d:\ооп\3 семестр\№4\№4\debug\flower.obj
d:\ооп\3 семестр\№4\№4\debug\rose.obj
d:\ооп\3 семестр\№4\№4\debug\stem.obj
d:\ооп\3 семестр\№4\№4\debug\№4.obj
d:\ооп\3 семестр\№4\debug\№4.pdb
d:\ооп\3 семестр\№4\№4\debug\№4.tlog\cl.command.1.tlog
d:\ооп\3 семестр\№4\№4\debug\№4.tlog\cl.read.1.tlog
d:\ооп\3 семестр\№4\№4\debug\№4.tlog\cl.write.1.tlog
d:\ооп\3 семестр\№4\№4\debug\№4.tlog\link-cvtres.read.1.tlog
d:\ооп\3 семестр\№4\№4\debug\№4.tlog\link-cvtres.write.1.tlog
d:\ооп\3 семестр\№4\№4\debug\№4.tlog\link-rc.read.1.tlog
d:\ооп\3 семестр\№4\№4\debug\№4.tlog\link-rc.write.1.tlog
d:\ооп\3 семестр\№4\№4\debug\№4.tlog\link.5488-cvtres.read.1.tlog
d:\ооп\3 семестр\№4\№4\debug\№4.tlog\link.5488-cvtres.write.1.tlog
d:\ооп\3 семестр\№4\№4\debug\№4.tlog\link.5488-rc.read.1.tlog
d:\ооп\3 семестр\№4\№4\debug\№4.tlog\link.5488-rc.write.1.tlog
d:\ооп\3 семестр\№4\№4\debug\№4.tlog\link.5488.read.1.tlog
d:\ооп\3 семестр\№4\№4\debug\№4.tlog\link.5488.write.1.tlog
d:\ооп\3 семестр\№4\№4\debug\№4.tlog\link.command.1.tlog
d:\ооп\3 семестр\№4\№4\debug\№4.tlog\link.read.1.tlog
d:\ооп\3 семестр\№4\№4\debug\№4.tlog\link.write.1.tlog
